TN:
SF:/Users/mykhailodatsko/Documents/clients/saurabh_kumar/demo/angular7-material/src/polyfills.ts
FNF:0
FNH:0
LF:0
LH:0
BRF:0
BRH:0
end_of_record
TN:
SF:/Users/mykhailodatsko/Documents/clients/saurabh_kumar/demo/angular7-material/src/test.ts
FNF:0
FNH:0
DA:13,1
DA:18,1
DA:20,1
LF:3
LH:3
BRF:0
BRH:0
end_of_record
TN:
SF:/Users/mykhailodatsko/Documents/clients/saurabh_kumar/demo/angular7-material/src/app/app.component.ts
FN:9,(anonymous_0)
FN:11,AppComponent
FNF:2
FNH:2
FNDA:1,(anonymous_0)
FNDA:2,AppComponent
DA:9,1
DA:11,2
DA:12,2
DA:15,2
DA:33,1
LF:5
LH:5
BRF:0
BRH:0
end_of_record
TN:
SF:/Users/mykhailodatsko/Documents/clients/saurabh_kumar/demo/angular7-material/src/app/components/carousel/carousel.component.ts
FN:8,(anonymous_0)
FN:38,CarouselComponent
FN:40,(anonymous_2)
FNF:3
FNH:3
FNDA:1,(anonymous_0)
FNDA:1,CarouselComponent
FNDA:1,(anonymous_2)
DA:8,1
DA:9,1
DA:10,2
DA:11,1
DA:40,1
DA:41,1
DA:43,1
LF:7
LH:7
BRF:0
BRH:0
end_of_record
TN:
SF:/Users/mykhailodatsko/Documents/clients/saurabh_kumar/demo/angular7-material/src/app/components/cart/cart.component.ts
FN:8,(anonymous_0)
FN:13,CartComponent
FN:15,(anonymous_2)
FN:18,(anonymous_3)
FN:19,(anonymous_4)
FN:22,(anonymous_5)
FNF:6
FNH:4
FNDA:1,(anonymous_0)
FNDA:1,CartComponent
FNDA:1,(anonymous_2)
FNDA:2,(anonymous_3)
FNDA:0,(anonymous_4)
FNDA:0,(anonymous_5)
DA:8,1
DA:9,2
DA:10,2
DA:11,2
DA:15,1
DA:18,1
DA:19,2
DA:22,1
DA:23,0
DA:25,1
LF:10
LH:9
BRF:0
BRH:0
end_of_record
TN:
SF:/Users/mykhailodatsko/Documents/clients/saurabh_kumar/demo/angular7-material/src/app/components/categories/categories.component.ts
FN:22,(anonymous_0)
FN:38,CategoriesComponent
FN:40,(anonymous_2)
FN:44,(anonymous_3)
FN:50,(anonymous_4)
FN:54,(anonymous_5)
FN:55,(anonymous_6)
FN:58,(anonymous_7)
FN:59,(anonymous_8)
FN:63,(anonymous_9)
FN:75,(anonymous_10)
FN:84,(anonymous_11)
FN:85,(anonymous_12)
FN:95,(anonymous_13)
FN:100,(anonymous_14)
FN:107,(anonymous_15)
FN:111,(anonymous_16)
FN:114,(anonymous_17)
FN:120,(anonymous_18)
FNF:19
FNH:15
FNDA:1,(anonymous_0)
FNDA:1,CategoriesComponent
FNDA:1,(anonymous_2)
FNDA:0,(anonymous_3)
FNDA:1,(anonymous_4)
FNDA:1,(anonymous_5)
FNDA:1,(anonymous_6)
FNDA:1,(anonymous_7)
FNDA:0,(anonymous_8)
FNDA:1,(anonymous_9)
FNDA:1,(anonymous_10)
FNDA:1,(anonymous_11)
FNDA:1,(anonymous_12)
FNDA:0,(anonymous_13)
FNDA:1,(anonymous_14)
FNDA:0,(anonymous_15)
FNDA:1,(anonymous_16)
FNDA:3,(anonymous_17)
FNDA:1,(anonymous_18)
DA:22,1
DA:23,2
DA:24,2
DA:25,2
DA:26,1
DA:27,1
DA:28,1
DA:29,1
DA:30,1
DA:31,1
DA:32,1
DA:33,1
DA:34,1
DA:35,1
DA:36,1
DA:38,1
DA:40,1
DA:41,1
DA:44,1
DA:45,0
DA:46,0
DA:50,1
DA:51,1
DA:54,1
DA:55,1
DA:58,1
DA:59,1
DA:60,0
DA:63,1
DA:64,1
DA:66,1
DA:67,1
DA:68,1
DA:71,1
DA:75,1
DA:76,1
DA:77,0
DA:80,1
DA:81,1
DA:84,1
DA:85,1
DA:87,1
DA:88,0
DA:91,1
DA:92,1
DA:95,1
DA:96,0
DA:97,0
DA:100,1
DA:101,1
DA:102,1
DA:103,1
DA:104,1
DA:107,0
DA:108,0
DA:111,1
DA:112,1
DA:114,3
DA:116,1
DA:117,1
DA:120,1
DA:121,1
DA:125,1
DA:127,1
LF:64
LH:55
BRDA:45,0,0,0
BRDA:45,0,1,0
BRDA:66,1,0,1
BRDA:66,1,1,0
BRDA:76,2,0,0
BRDA:76,2,1,1
BRDA:76,3,0,1
BRDA:76,3,1,1
BRDA:87,4,0,0
BRDA:87,4,1,1
BRDA:101,5,0,1
BRDA:101,5,1,0
BRF:12
BRH:6
end_of_record
TN:
SF:/Users/mykhailodatsko/Documents/clients/saurabh_kumar/demo/angular7-material/src/app/components/category/category.component.ts
FN:8,(anonymous_0)
FN:13,CategoryComponent
FN:15,(anonymous_2)
FNF:3
FNH:3
FNDA:1,(anonymous_0)
FNDA:1,CategoryComponent
FNDA:1,(anonymous_2)
DA:8,1
DA:9,1
DA:10,2
DA:11,2
DA:15,1
DA:17,1
LF:6
LH:6
BRF:0
BRH:0
end_of_record
TN:
SF:/Users/mykhailodatsko/Documents/clients/saurabh_kumar/demo/angular7-material/src/app/components/checkout/checkout.component.ts
FN:11,(anonymous_0)
FN:20,CheckoutComponent
FN:22,(anonymous_2)
FN:25,(anonymous_3)
FN:26,(anonymous_4)
FN:29,(anonymous_5)
FN:30,(anonymous_6)
FN:33,(anonymous_7)
FN:37,(anonymous_8)
FN:41,(anonymous_9)
FN:45,(anonymous_10)
FN:50,(anonymous_11)
FNF:12
FNH:7
FNDA:1,(anonymous_0)
FNDA:1,CheckoutComponent
FNDA:1,(anonymous_2)
FNDA:1,(anonymous_3)
FNDA:1,(anonymous_4)
FNDA:1,(anonymous_5)
FNDA:1,(anonymous_6)
FNDA:0,(anonymous_7)
FNDA:0,(anonymous_8)
FNDA:0,(anonymous_9)
FNDA:0,(anonymous_10)
FNDA:0,(anonymous_11)
DA:11,1
DA:12,1
DA:13,1
DA:14,1
DA:16,1
DA:17,1
DA:18,1
DA:20,1
DA:22,1
DA:23,1
DA:25,1
DA:26,1
DA:29,1
DA:30,1
DA:33,1
DA:34,0
DA:37,1
DA:38,0
DA:41,1
DA:42,0
DA:45,1
DA:46,0
DA:47,0
DA:50,1
DA:51,0
DA:53,1
LF:26
LH:20
BRDA:25,0,0,1
BRDA:25,0,1,1
BRF:2
BRH:2
end_of_record
TN:
SF:/Users/mykhailodatsko/Documents/clients/saurabh_kumar/demo/angular7-material/src/app/components/feedback/feedback.component.ts
FN:8,(anonymous_0)
FN:9,(anonymous_2)
FN:11,(anonymous_3)
FNF:3
FNH:3
FNDA:2,(anonymous_0)
FNDA:1,(anonymous_2)
FNDA:1,(anonymous_3)
DA:8,1
DA:9,1
DA:11,1
DA:13,1
LF:4
LH:4
BRF:0
BRH:0
end_of_record
TN:
SF:/Users/mykhailodatsko/Documents/clients/saurabh_kumar/demo/angular7-material/src/app/components/footer/footer.component.ts
FN:8,(anonymous_0)
FN:40,FooterComponent
FN:42,(anonymous_2)
FNF:3
FNH:3
FNDA:1,(anonymous_0)
FNDA:1,FooterComponent
FNDA:1,(anonymous_2)
DA:8,1
DA:9,1
DA:42,1
DA:45,1
LF:4
LH:4
BRF:0
BRH:0
end_of_record
TN:
SF:/Users/mykhailodatsko/Documents/clients/saurabh_kumar/demo/angular7-material/src/app/components/form-get-started/form-get-started.component.ts
FN:9,(anonymous_0)
FN:11,FormGetStartedComponent
FN:13,(anonymous_2)
FN:16,(anonymous_3)
FNF:4
FNH:3
FNDA:1,(anonymous_0)
FNDA:1,FormGetStartedComponent
FNDA:1,(anonymous_2)
FNDA:0,(anonymous_3)
DA:9,1
DA:11,1
DA:13,1
DA:16,1
DA:17,0
DA:18,0
DA:21,0
DA:22,0
DA:24,0
DA:25,0
DA:28,0
DA:31,0
DA:32,0
DA:34,1
LF:14
LH:5
BRDA:17,0,0,0
BRDA:17,0,1,0
BRDA:24,1,0,0
BRDA:24,1,1,0
BRF:4
BRH:0
end_of_record
TN:
SF:/Users/mykhailodatsko/Documents/clients/saurabh_kumar/demo/angular7-material/src/app/components/home/home.component.ts
FN:8,(anonymous_0)
FN:70,HomeComponent
FN:15,(anonymous_2)
FN:25,(anonymous_3)
FN:35,(anonymous_4)
FN:45,(anonymous_5)
FN:72,(anonymous_6)
FN:75,(anonymous_7)
FNF:8
FNH:3
FNDA:1,(anonymous_0)
FNDA:1,HomeComponent
FNDA:0,(anonymous_2)
FNDA:0,(anonymous_3)
FNDA:0,(anonymous_4)
FNDA:0,(anonymous_5)
FNDA:1,(anonymous_6)
FNDA:0,(anonymous_7)
DA:8,1
DA:9,1
DA:15,0
DA:25,0
DA:35,0
DA:45,0
DA:51,1
DA:72,1
DA:75,1
DA:76,0
DA:78,1
LF:11
LH:6
BRF:0
BRH:0
end_of_record
TN:
SF:/Users/mykhailodatsko/Documents/clients/saurabh_kumar/demo/angular7-material/src/app/components/navbar/navbar.component.ts
FN:8,(anonymous_0)
FN:12,NavbarComponent
FN:14,(anonymous_2)
FN:17,(anonymous_3)
FN:25,(anonymous_4)
FN:26,(anonymous_5)
FN:29,(anonymous_6)
FNF:7
FNH:3
FNDA:1,(anonymous_0)
FNDA:1,NavbarComponent
FNDA:1,(anonymous_2)
FNDA:0,(anonymous_3)
FNDA:0,(anonymous_4)
FNDA:0,(anonymous_5)
FNDA:0,(anonymous_6)
DA:8,1
DA:9,1
DA:10,1
DA:14,1
DA:17,1
DA:18,0
DA:19,0
DA:22,0
DA:25,1
DA:26,0
DA:29,1
DA:30,0
DA:32,1
LF:13
LH:8
BRDA:18,0,0,0
BRDA:18,0,1,0
BRF:2
BRH:0
end_of_record
TN:
SF:/Users/mykhailodatsko/Documents/clients/saurabh_kumar/demo/angular7-material/src/app/components/pagination/pagination.component.ts
FN:10,(anonymous_0)
FN:16,PaginationComponent
FN:18,(anonymous_2)
FN:21,(anonymous_3)
FN:51,(anonymous_4)
FNF:5
FNH:3
FNDA:1,(anonymous_0)
FNDA:1,PaginationComponent
FNDA:1,(anonymous_2)
FNDA:0,(anonymous_3)
FNDA:0,(anonymous_4)
DA:10,1
DA:11,2
DA:12,2
DA:13,2
DA:14,2
DA:18,1
DA:21,1
DA:22,0
DA:24,0
DA:25,0
DA:29,0
DA:30,0
DA:33,0
DA:36,0
DA:37,0
DA:41,0
DA:42,0
DA:45,0
DA:48,0
DA:51,1
DA:52,0
DA:54,1
LF:22
LH:9
BRDA:24,0,0,0
BRDA:24,0,1,0
BRDA:26,1,0,0
BRDA:26,1,1,0
BRDA:29,2,0,0
BRDA:29,2,1,0
BRDA:36,3,0,0
BRDA:36,3,1,0
BRDA:38,4,0,0
BRDA:38,4,1,0
BRDA:41,5,0,0
BRDA:41,5,1,0
BRF:12
BRH:0
end_of_record
TN:
SF:/Users/mykhailodatsko/Documents/clients/saurabh_kumar/demo/angular7-material/src/app/components/preloader/preloader.component.ts
FN:8,(anonymous_0)
FN:10,PreloaderComponent
FN:12,(anonymous_2)
FNF:3
FNH:3
FNDA:1,(anonymous_0)
FNDA:1,PreloaderComponent
FNDA:1,(anonymous_2)
DA:8,1
DA:12,1
DA:15,1
LF:3
LH:3
BRF:0
BRH:0
end_of_record
TN:
SF:/Users/mykhailodatsko/Documents/clients/saurabh_kumar/demo/angular7-material/src/app/components/product/product.component.ts
FN:9,(anonymous_0)
FN:14,ProductComponent
FN:16,(anonymous_2)
FN:19,(anonymous_3)
FNF:4
FNH:3
FNDA:1,(anonymous_0)
FNDA:1,ProductComponent
FNDA:1,(anonymous_2)
FNDA:0,(anonymous_3)
DA:9,1
DA:10,1
DA:11,1
DA:12,2
DA:16,1
DA:19,1
DA:20,0
DA:22,1
LF:8
LH:7
BRF:0
BRH:0
end_of_record
TN:
SF:/Users/mykhailodatsko/Documents/clients/saurabh_kumar/demo/angular7-material/src/app/components/products/products.component.ts
FN:9,(anonymous_0)
FN:24,ProductsComponent
FN:26,(anonymous_2)
FN:29,(anonymous_3)
FN:39,(anonymous_4)
FN:43,(anonymous_5)
FN:52,(anonymous_6)
FN:63,(anonymous_7)
FN:67,(anonymous_8)
FN:70,(anonymous_9)
FN:76,(anonymous_10)
FN:84,(anonymous_11)
FN:89,(anonymous_12)
FN:90,(anonymous_13)
FN:91,(anonymous_14)
FNF:15
FNH:5
FNDA:1,(anonymous_0)
FNDA:1,ProductsComponent
FNDA:1,(anonymous_2)
FNDA:0,(anonymous_3)
FNDA:1,(anonymous_4)
FNDA:1,(anonymous_5)
FNDA:0,(anonymous_6)
FNDA:0,(anonymous_7)
FNDA:0,(anonymous_8)
FNDA:0,(anonymous_9)
FNDA:0,(anonymous_10)
FNDA:0,(anonymous_11)
FNDA:0,(anonymous_12)
FNDA:0,(anonymous_13)
FNDA:0,(anonymous_14)
DA:9,1
DA:10,2
DA:11,2
DA:12,2
DA:13,1
DA:14,1
DA:15,1
DA:16,1
DA:17,1
DA:18,1
DA:19,1
DA:20,1
DA:21,1
DA:22,1
DA:26,1
DA:29,1
DA:30,0
DA:31,0
DA:34,0
DA:35,0
DA:39,1
DA:40,1
DA:43,1
DA:44,1
DA:45,0
DA:48,1
DA:49,1
DA:52,1
DA:53,0
DA:54,0
DA:57,0
DA:58,0
DA:59,0
DA:60,0
DA:63,0
DA:64,0
DA:67,1
DA:68,0
DA:70,0
DA:72,0
DA:73,0
DA:76,1
DA:77,0
DA:81,0
DA:84,1
DA:85,0
DA:86,0
DA:89,1
DA:90,0
DA:91,0
DA:92,0
DA:94,0
DA:95,0
DA:98,0
DA:100,1
LF:55
LH:28
BRDA:30,0,0,0
BRDA:30,0,1,0
BRDA:34,1,0,0
BRDA:34,1,1,0
BRDA:44,2,0,0
BRDA:44,2,1,1
BRDA:44,3,0,1
BRDA:44,3,1,1
BRDA:53,4,0,0
BRDA:53,4,1,0
BRDA:57,5,0,0
BRDA:57,5,1,0
BRDA:90,6,0,0
BRDA:90,6,1,0
BRF:14
BRH:3
end_of_record
TN:
SF:/Users/mykhailodatsko/Documents/clients/saurabh_kumar/demo/angular7-material/src/app/components/search-products/search-products.component.ts
FN:8,(anonymous_0)
FN:13,SearchProductsComponent
FN:15,(anonymous_2)
FN:18,(anonymous_3)
FNF:4
FNH:3
FNDA:1,(anonymous_0)
FNDA:1,SearchProductsComponent
FNDA:1,(anonymous_2)
FNDA:0,(anonymous_3)
DA:8,1
DA:9,2
DA:10,2
DA:11,2
DA:15,1
DA:18,1
DA:19,0
DA:21,1
LF:8
LH:7
BRF:0
BRH:0
end_of_record
TN:
SF:/Users/mykhailodatsko/Documents/clients/saurabh_kumar/demo/angular7-material/src/app/components/why-hiber/why-hiber.component.ts
FN:8,(anonymous_0)
FN:3,WhyHiberComponent
FN:28,(anonymous_2)
FN:31,(anonymous_3)
FNF:4
FNH:4
FNDA:1,(anonymous_0)
FNDA:1,WhyHiberComponent
FNDA:1,(anonymous_2)
FNDA:1,(anonymous_3)
DA:8,1
DA:9,1
DA:28,1
DA:31,1
DA:33,1
LF:5
LH:5
BRF:0
BRH:0
end_of_record
TN:
SF:/Users/mykhailodatsko/Documents/clients/saurabh_kumar/demo/angular7-material/src/app/mocks/app.module.test.ts
FN:28,(anonymous_0)
FN:29,(anonymous_2)
FN:29,CarouselComponent
FN:30,(anonymous_4)
FN:30,CartComponent
FN:31,(anonymous_6)
FN:31,CategoriesComponent
FN:32,(anonymous_8)
FN:32,CategoryComponent
FN:33,(anonymous_10)
FN:34,(anonymous_12)
FN:35,(anonymous_14)
FN:36,(anonymous_16)
FN:37,(anonymous_18)
FN:38,(anonymous_20)
FN:39,(anonymous_22)
FN:40,(anonymous_24)
FN:40,PaginationComponent
FN:41,(anonymous_26)
FN:42,(anonymous_28)
FN:42,ProductComponent
FN:43,(anonymous_30)
FN:43,ProductsComponent
FN:44,(anonymous_32)
FN:44,SearchProductsComponent
FN:66,(anonymous_34)
FN:95,(anonymous_35)
FN:95,(anonymous_36)
FN:102,HttpLoaderFactory
FNF:29
FNH:27
FNDA:1,(anonymous_0)
FNDA:1,(anonymous_2)
FNDA:1,CarouselComponent
FNDA:1,(anonymous_4)
FNDA:1,CartComponent
FNDA:1,(anonymous_6)
FNDA:1,CategoriesComponent
FNDA:1,(anonymous_8)
FNDA:0,CategoryComponent
FNDA:1,(anonymous_10)
FNDA:1,(anonymous_12)
FNDA:1,(anonymous_14)
FNDA:3,(anonymous_16)
FNDA:2,(anonymous_18)
FNDA:1,(anonymous_20)
FNDA:3,(anonymous_22)
FNDA:1,(anonymous_24)
FNDA:2,PaginationComponent
FNDA:2,(anonymous_26)
FNDA:1,(anonymous_28)
FNDA:0,ProductComponent
FNDA:1,(anonymous_30)
FNDA:1,ProductsComponent
FNDA:1,(anonymous_32)
FNDA:1,SearchProductsComponent
FNDA:18,(anonymous_34)
FNDA:306,(anonymous_35)
FNDA:288,(anonymous_36)
FNDA:2,HttpLoaderFactory
DA:28,1
DA:29,2
DA:30,2
DA:31,2
DA:32,1
DA:33,1
DA:34,1
DA:35,1
DA:36,1
DA:37,1
DA:38,1
DA:39,1
DA:40,3
DA:41,1
DA:42,1
DA:43,2
DA:44,2
DA:46,1
DA:66,18
DA:95,306
DA:103,2
LF:21
LH:21
BRF:0
BRH:0
end_of_record
TN:
SF:/Users/mykhailodatsko/Documents/clients/saurabh_kumar/demo/angular7-material/src/app/mocks/categories.mock.ts
FNF:0
FNH:0
LF:0
LH:0
BRF:0
BRH:0
end_of_record
TN:
SF:/Users/mykhailodatsko/Documents/clients/saurabh_kumar/demo/angular7-material/src/app/mocks/index.ts
FNF:0
FNH:0
DA:3,1
LF:1
LH:1
BRF:0
BRH:0
end_of_record
TN:
SF:/Users/mykhailodatsko/Documents/clients/saurabh_kumar/demo/angular7-material/src/app/services/index.ts
FNF:0
FNH:0
LF:0
LH:0
BRF:0
BRH:0
end_of_record
TN:
SF:/Users/mykhailodatsko/Documents/clients/saurabh_kumar/demo/angular7-material/src/app/services/api/api.service.ts
FN:7,(anonymous_0)
FN:10,ApiService
FN:12,(anonymous_2)
FNF:3
FNH:3
FNDA:1,(anonymous_0)
FNDA:2,ApiService
FNDA:1,(anonymous_2)
DA:7,1
DA:8,2
DA:10,2
DA:12,1
DA:13,1
DA:19,1
DA:20,1
DA:22,1
LF:8
LH:8
BRF:0
BRH:0
end_of_record
TN:
SF:/Users/mykhailodatsko/Documents/clients/saurabh_kumar/demo/angular7-material/src/app/services/api/index.ts
FNF:0
FNH:0
LF:0
LH:0
BRF:0
BRH:0
end_of_record
